<?xml version="1.0" encoding="UTF-8"?>
<testng-results ignored="0" total="1" passed="1" failed="0" skipped="0">
  <reporter-output>
  </reporter-output>
  <suite started-at="2021-07-26T14:23:25 IST" name="Default suite" finished-at="2021-07-26T14:23:35 IST" duration-ms="10011">
    <groups>
      <group name="cucumber">
        <method signature="AbstractTestNGCucumberTests.runScenario(io.cucumber.testng.PickleWrapper,io.cucumber.testng.FeatureWrapper)[pri:0, instance:Runner.runner1@4f2b503c]" name="runScenario" class="io.cucumber.testng.AbstractTestNGCucumberTests"/>
      </group> <!-- cucumber -->
    </groups>
    <test started-at="2021-07-26T14:23:25 IST" name="Default test" finished-at="2021-07-26T14:23:35 IST" duration-ms="10011">
      <class name="Runner.runner1">
        <test-method is-config="true" signature="setUpClass()[pri:0, instance:Runner.runner1@4f2b503c]" started-at="2021-07-26T14:23:25 IST" name="setUpClass" finished-at="2021-07-26T14:23:25 IST" duration-ms="292" status="PASS">
          <reporter-output>
          </reporter-output>
        </test-method> <!-- setUpClass -->
        <test-method signature="runScenario(io.cucumber.testng.PickleWrapper,io.cucumber.testng.FeatureWrapper)[pri:0, instance:Runner.runner1@4f2b503c]" started-at="2021-07-26T14:23:25 IST" name="runScenario" description="Runs Cucumber Scenarios" data-provider="scenarios" finished-at="2021-07-26T14:23:35 IST" duration-ms="9662" status="PASS">
          <params>
            <param index="0">
              <value>
                <![CDATA["To test the login page of orange application"]]>
              </value>
            </param>
            <param index="1">
              <value>
                <![CDATA["Optional[To test orangeHRM]"]]>
              </value>
            </param>
          </params>
          <reporter-output>
          </reporter-output>
        </test-method> <!-- runScenario -->
        <test-method is-config="true" signature="tearDownClass()[pri:0, instance:Runner.runner1@4f2b503c]" started-at="2021-07-26T14:23:35 IST" name="tearDownClass" finished-at="2021-07-26T14:23:35 IST" duration-ms="16" status="PASS">
          <reporter-output>
          </reporter-output>
        </test-method> <!-- tearDownClass -->
      </class> <!-- Runner.runner1 -->
    </test> <!-- Default test -->
  </suite> <!-- Default suite -->
</testng-results>
